Drill Listing
=============
Drill: 0.3  Tool: 1  Feed: 95  Speed: 300
X 82677  Y 137795
X 90551  Y 137795
X 82677  Y 142125
X 90551  Y 142125
X 136220  Y 152755
X 109055  Y 150000
X 118110  Y 142913
X 98425  Y 142125
X 106299  Y 142125
X 125196  Y 140551
X 137007  Y 140551
X 131496  Y 140551
X 98425  Y 137795
X 106299  Y 137401
X 131496  Y 135039
X 125196  Y 135039
X 137007  Y 135039
X 122834  Y 126771
X 171259  Y 147244
X 166141  Y 152755
X 159842  Y 157480
X 165354  Y 157480
X 153543  Y 157480
X 171259  Y 157480
X 177165  Y 157480
X 153543  Y 162992
X 159448  Y 162992
X 165354  Y 162992
X 171259  Y 162992
X 177165  Y 162992
X 185039  Y 178346

Drill: 0.9  Tool: 2  Feed: 197  Speed: 550
X 22559  Y 77795
X 32559  Y 77795
X 22559  Y 87795
X 32559  Y 87795
X 22559  Y 97795
X 32559  Y 97795
X 22559  Y 107795
X 32559  Y 107795
X 22559  Y 117795
X 32559  Y 117795
X 22559  Y 127795
X 32559  Y 127795
X 22559  Y 137795
X 32559  Y 137795
X 22559  Y 147795
X 32559  Y 147795
X 22559  Y 157795
X 32559  Y 157795
X 22559  Y 167795
X 32559  Y 167795
X 22559  Y 177795
X 32559  Y 177795
X 22559  Y 187795
X 32559  Y 187795
X 22559  Y 197795
X 32559  Y 197795
X 87795  Y 253031
X 77795  Y 253031
X 87795  Y 243031
X 77795  Y 243031
X 87795  Y 32559
X 77795  Y 32559
X 87795  Y 22559
X 77795  Y 22559
X 117795  Y 22559
X 107795  Y 22559
X 97795  Y 22559
X 117795  Y 32559
X 107795  Y 32559
X 97795  Y 32559
X 107795  Y 243031
X 117795  Y 243031
X 97795  Y 243031
X 117795  Y 253031
X 97795  Y 253031
X 107795  Y 253031
X 137795  Y 253031
X 127795  Y 253031
X 157795  Y 253031
X 147795  Y 253031
X 167795  Y 253031
X 137795  Y 243031
X 127795  Y 243031
X 157795  Y 243031
X 147795  Y 243031
X 167795  Y 243031
X 157795  Y 32559
X 147795  Y 32559
X 137795  Y 32559
X 167795  Y 32559
X 127795  Y 32559
X 127795  Y 22559
X 137795  Y 22559
X 147795  Y 22559
X 157795  Y 22559
X 167795  Y 22559
X 177795  Y 22559
X 187795  Y 22559
X 197795  Y 22559
X 187795  Y 32559
X 197795  Y 32559
X 177795  Y 32559
X 177795  Y 243031
X 187795  Y 243031
X 197795  Y 243031
X 177795  Y 253031
X 197795  Y 253031
X 187795  Y 253031
X 243031  Y 197795
X 243031  Y 187795
X 243031  Y 177795
X 243031  Y 167795
X 243031  Y 157795
X 243031  Y 147795
X 243031  Y 137795
X 243031  Y 127795
X 243031  Y 117795
X 243031  Y 107795
X 243031  Y 97795
X 243031  Y 87795
X 243031  Y 77795
X 253031  Y 77795
X 253031  Y 87795
X 253031  Y 97795
X 253031  Y 107795
X 253031  Y 117795
X 253031  Y 127795
X 253031  Y 137795
X 253031  Y 147795
X 253031  Y 157795
X 253031  Y 167795
X 253031  Y 177795
X 253031  Y 187795
X 253031  Y 197795

Drill: 1  Tool: 3  Feed: 197  Speed: 550
X 55118  Y 105236
X 74803  Y 110236
X 55118  Y 115236
X 74803  Y 143700
X 55118  Y 144606
X 55118  Y 154606
X 118110  Y 153543
X 122047  Y 92519
X 137795  Y 82677
X 122047  Y 82677
X 122047  Y 72834
X 216535  Y 140669
X 216535  Y 150669
X 192913  Y 165354
X 216535  Y 180039
X 192913  Y 181102
X 216535  Y 190039

Drill: 3.3  Tool: 4  Feed: 35  Speed: 794
X 19685  Y 19685
X 19685  Y 255905
X 255905  Y 255905
X 255905  Y 19685

End of Listing
